--------------------------------------------------------------------------------
Release 14.7 Trace  (nt64)
Copyright (c) 1995-2013 Xilinx, Inc.  All rights reserved.

C:\Xilinx\14.7\ISE_DS\ISE\bin\nt64\unwrapped\trce.exe -intstyle ise -v 3 -s 3
-n 3 -fastpaths -xml fpga1212.twx fpga1212.ncd -o fpga1212.twr fpga1212.pcf
-ucf lab1212_ucf.ucf

Design file:              fpga1212.ncd
Physical constraint file: fpga1212.pcf
Device,package,speed:     xc6slx16,csg324,C,-3 (PRODUCTION 1.23 2013-10-13)
Report level:             verbose report

Environment Variable      Effect 
--------------------      ------ 
NONE                      No environment variables were set
--------------------------------------------------------------------------------

INFO:Timing:2698 - No timing constraints found, doing default enumeration.
INFO:Timing:3412 - To improve timing, see the Timing Closure User Guide (UG612).
INFO:Timing:2752 - To get complete path coverage, use the unconstrained paths 
   option. All paths that are not constrained will be reported in the 
   unconstrained paths section(s) of the report.
INFO:Timing:3339 - The clock-to-out numbers in this timing report are based on 
   a 50 Ohm transmission line loading model.  For the details of this model, 
   and for more information on accounting for different loading conditions, 
   please see the device datasheet.



Data Sheet report:
-----------------
All values displayed in nanoseconds (ns)

Setup/Hold to clock clk
------------+------------+------------+------------+------------+------------------+--------+
            |Max Setup to|  Process   |Max Hold to |  Process   |                  | Clock  |
Source      | clk (edge) |   Corner   | clk (edge) |   Corner   |Internal Clock(s) | Phase  |
------------+------------+------------+------------+------------+------------------+--------+
P<0>        |    4.819(R)|      SLOW  |   -2.924(R)|      FAST  |clk_BUFGP         |   0.000|
P<1>        |    3.104(R)|      SLOW  |   -1.648(R)|      FAST  |clk_BUFGP         |   0.000|
P<2>        |    2.571(R)|      SLOW  |   -1.307(R)|      FAST  |clk_BUFGP         |   0.000|
P<3>        |    2.673(R)|      SLOW  |   -1.728(R)|      FAST  |clk_BUFGP         |   0.000|
dip<0>      |    5.117(R)|      SLOW  |   -2.107(R)|      FAST  |clk_BUFGP         |   0.000|
dip<1>      |    4.764(R)|      SLOW  |   -1.818(R)|      FAST  |clk_BUFGP         |   0.000|
dip<2>      |    4.978(R)|      SLOW  |   -1.944(R)|      FAST  |clk_BUFGP         |   0.000|
dip<3>      |    6.361(R)|      SLOW  |   -2.786(R)|      FAST  |clk_BUFGP         |   0.000|
------------+------------+------------+------------+------------+------------------+--------+

Clock clk to Pad
------------+-----------------+------------+-----------------+------------+------------------+--------+
            |Max (slowest) clk|  Process   |Min (fastest) clk|  Process   |                  | Clock  |
Destination |  (edge) to PAD  |   Corner   |  (edge) to PAD  |   Corner   |Internal Clock(s) | Phase  |
------------+-----------------+------------+-----------------+------------+------------------+--------+
Led<0>      |         8.624(R)|      SLOW  |         4.690(R)|      FAST  |clk_BUFGP         |   0.000|
Led<1>      |         8.861(R)|      SLOW  |         4.825(R)|      FAST  |clk_BUFGP         |   0.000|
Led<2>      |         8.261(R)|      SLOW  |         4.416(R)|      FAST  |clk_BUFGP         |   0.000|
Led<3>      |         8.117(R)|      SLOW  |         4.296(R)|      FAST  |clk_BUFGP         |   0.000|
------------+-----------------+------------+-----------------+------------+------------------+--------+

Clock to Setup on destination clock clk
---------------+---------+---------+---------+---------+
               | Src:Rise| Src:Fall| Src:Rise| Src:Fall|
Source Clock   |Dest:Rise|Dest:Rise|Dest:Fall|Dest:Fall|
---------------+---------+---------+---------+---------+
clk            |    5.690|         |         |         |
---------------+---------+---------+---------+---------+


Analysis completed Mon Dec 12 12:01:19 2022 
--------------------------------------------------------------------------------

Trace Settings:
-------------------------
Trace Settings 

Peak Memory Usage: 4573 MB



