Release 14.7 - xst P.20131013 (nt64)
Copyright (c) 1995-2013 Xilinx, Inc.  All rights reserved.
--> Parameter TMPDIR set to xst/projnav.tmp


Total REAL time to Xst completion: 0.00 secs
Total CPU time to Xst completion: 0.09 secs
 
--> Parameter xsthdpdir set to xst


Total REAL time to Xst completion: 0.00 secs
Total CPU time to Xst completion: 0.09 secs
 
--> Reading design: fpga1121.prj

TABLE OF CONTENTS
  1) Synthesis Options Summary
  2) HDL Parsing
  3) HDL Elaboration
  4) HDL Synthesis
       4.1) HDL Synthesis Report
  5) Advanced HDL Synthesis
       5.1) Advanced HDL Synthesis Report
  6) Low Level Synthesis
  7) Partition Report
  8) Design Summary
       8.1) Primitive and Black Box Usage
       8.2) Device utilization summary
       8.3) Partition Resource Summary
       8.4) Timing Report
            8.4.1) Clock Information
            8.4.2) Asynchronous Control Signals Information
            8.4.3) Timing Summary
            8.4.4) Timing Details
            8.4.5) Cross Clock Domains Report


=========================================================================
*                      Synthesis Options Summary                        *
=========================================================================
---- Source Parameters
Input File Name                    : "fpga1121.prj"
Ignore Synthesis Constraint File   : NO

---- Target Parameters
Output File Name                   : "fpga1121"
Output Format                      : NGC
Target Device                      : xc6slx16-3-csg324

---- Source Options
Top Module Name                    : fpga1121
Automatic FSM Extraction           : YES
FSM Encoding Algorithm             : Auto
Safe Implementation                : No
FSM Style                          : LUT
RAM Extraction                     : Yes
RAM Style                          : Auto
ROM Extraction                     : Yes
Shift Register Extraction          : YES
ROM Style                          : Auto
Resource Sharing                   : YES
Asynchronous To Synchronous        : NO
Shift Register Minimum Size        : 2
Use DSP Block                      : Auto
Automatic Register Balancing       : No

---- Target Options
LUT Combining                      : Auto
Reduce Control Sets                : Auto
Add IO Buffers                     : YES
Global Maximum Fanout              : 100000
Add Generic Clock Buffer(BUFG)     : 16
Register Duplication               : YES
Optimize Instantiated Primitives   : NO
Use Clock Enable                   : Auto
Use Synchronous Set                : Auto
Use Synchronous Reset              : Auto
Pack IO Registers into IOBs        : Auto
Equivalent register Removal        : YES

---- General Options
Optimization Goal                  : Speed
Optimization Effort                : 1
Power Reduction                    : NO
Keep Hierarchy                     : No
Netlist Hierarchy                  : As_Optimized
RTL Output                         : Yes
Global Optimization                : AllClockNets
Read Cores                         : YES
Write Timing Constraints           : NO
Cross Clock Analysis               : NO
Hierarchy Separator                : /
Bus Delimiter                      : <>
Case Specifier                     : Maintain
Slice Utilization Ratio            : 100
BRAM Utilization Ratio             : 100
DSP48 Utilization Ratio            : 100
Auto BRAM Packing                  : NO
Slice Utilization Ratio Delta      : 5

=========================================================================


=========================================================================
*                          HDL Parsing                                  *
=========================================================================
Analyzing Verilog file "E:\fpga ppt\109360142\Lab1121_chiu\fpga1121\fpga1121.v" into library work
Parsing module <fpga1121>.

=========================================================================
*                            HDL Elaboration                            *
=========================================================================

Elaborating module <fpga1121>.
WARNING:HDLCompiler:413 - "E:\fpga ppt\109360142\Lab1121_chiu\fpga1121\fpga1121.v" Line 40: Result of 28-bit expression is truncated to fit in 27-bit target.
WARNING:HDLCompiler:413 - "E:\fpga ppt\109360142\Lab1121_chiu\fpga1121\fpga1121.v" Line 47: Result of 28-bit expression is truncated to fit in 27-bit target.
WARNING:HDLCompiler:413 - "E:\fpga ppt\109360142\Lab1121_chiu\fpga1121\fpga1121.v" Line 51: Result of 28-bit expression is truncated to fit in 27-bit target.

=========================================================================
*                           HDL Synthesis                               *
=========================================================================

Synthesizing Unit <fpga1121>.
    Related source file is "E:\fpga ppt\109360142\Lab1121_chiu\fpga1121\fpga1121.v".
    Found 4-bit register for signal <Led>.
    Found 27-bit register for signal <cnt>.
    Found 27-bit adder for signal <cnt[26]_GND_1_o_add_12_OUT> created at line 51.
    Found 27-bit comparator greater for signal <cnt[26]_GND_1_o_LessThan_5_o> created at line 35
    Found 27-bit comparator greater for signal <cnt[26]_GND_1_o_LessThan_7_o> created at line 42
    Summary:
	inferred   1 Adder/Subtractor(s).
	inferred  31 D-type flip-flop(s).
	inferred   2 Comparator(s).
Unit <fpga1121> synthesized.

=========================================================================
HDL Synthesis Report

Macro Statistics
# Adders/Subtractors                                   : 1
 27-bit adder                                          : 1
# Registers                                            : 2
 27-bit register                                       : 1
 4-bit register                                        : 1
# Comparators                                          : 2
 27-bit comparator greater                             : 2

=========================================================================

=========================================================================
*                       Advanced HDL Synthesis                          *
=========================================================================


Synthesizing (advanced) Unit <fpga1121>.
The following registers are absorbed into counter <cnt>: 1 register on signal <cnt>.
Unit <fpga1121> synthesized (advanced).

=========================================================================
Advanced HDL Synthesis Report

Macro Statistics
# Counters                                             : 1
 27-bit up counter                                     : 1
# Registers                                            : 4
 Flip-Flops                                            : 4
# Comparators                                          : 2
 27-bit comparator greater                             : 2

=========================================================================

=========================================================================
*                         Low Level Synthesis                           *
=========================================================================

Optimizing unit <fpga1121> ...
WARNING:Xst:1710 - FF/Latch <cnt_26> (without init value) has a constant value of 0 in block <fpga1121>. This FF/Latch will be trimmed during the optimization process.

Mapping all equations...
Building and optimizing final netlist ...
Found area constraint ratio of 100 (+ 5) on block fpga1121, actual ratio is 0.

Final Macro Processing ...

=========================================================================
Final Register Report

Macro Statistics
# Registers                                            : 30
 Flip-Flops                                            : 30

=========================================================================

=========================================================================
*                           Partition Report                            *
=========================================================================

Partition Implementation Status
-------------------------------

  No Partitions were found in this design.

-------------------------------

=========================================================================
*                            Design Summary                             *
=========================================================================

Top Level Output File Name         : fpga1121.ngc

Primitive and Black Box Usage:
------------------------------
# BELS                             : 141
#      GND                         : 1
#      INV                         : 1
#      LUT1                        : 25
#      LUT2                        : 26
#      LUT3                        : 3
#      LUT4                        : 10
#      LUT5                        : 7
#      LUT6                        : 9
#      MUXCY                       : 32
#      VCC                         : 1
#      XORCY                       : 26
# FlipFlops/Latches                : 30
#      FD                          : 28
#      FDRE                        : 2
# Clock Buffers                    : 1
#      BUFGP                       : 1
# IO Buffers                       : 8
#      IBUF                        : 4
#      OBUF                        : 4

Device utilization summary:
---------------------------

Selected Device : 6slx16csg324-3 


Slice Logic Utilization: 
 Number of Slice Registers:              30  out of  18224     0%  
 Number of Slice LUTs:                   81  out of   9112     0%  
    Number used as Logic:                81  out of   9112     0%  

Slice Logic Distribution: 
 Number of LUT Flip Flop pairs used:     81
   Number with an unused Flip Flop:      51  out of     81    62%  
   Number with an unused LUT:             0  out of     81     0%  
   Number of fully used LUT-FF pairs:    30  out of     81    37%  
   Number of unique control sets:         2

IO Utilization: 
 Number of IOs:                           9
 Number of bonded IOBs:                   9  out of    232     3%  

Specific Feature Utilization:
 Number of BUFG/BUFGCTRLs:                1  out of     16     6%  

---------------------------
Partition Resource Summary:
---------------------------

  No Partitions were found in this design.

---------------------------


=========================================================================
Timing Report

NOTE: THESE TIMING NUMBERS ARE ONLY A SYNTHESIS ESTIMATE.
      FOR ACCURATE TIMING INFORMATION PLEASE REFER TO THE TRACE REPORT
      GENERATED AFTER PLACE-and-ROUTE.

Clock Information:
------------------
-----------------------------------+------------------------+-------+
Clock Signal                       | Clock buffer(FF name)  | Load  |
-----------------------------------+------------------------+-------+
clk                                | BUFGP                  | 30    |
-----------------------------------+------------------------+-------+

Asynchronous Control Signals Information:
----------------------------------------
No asynchronous control signals found in this design

Timing Summary:
---------------
Speed Grade: -3

   Minimum period: 5.224ns (Maximum Frequency: 191.415MHz)
   Minimum input arrival time before clock: 4.462ns
   Maximum output required time after clock: 3.668ns
   Maximum combinational path delay: No path found

Timing Details:
---------------
All values displayed in nanoseconds (ns)

=========================================================================
Timing constraint: Default period analysis for Clock 'clk'
  Clock period: 5.224ns (frequency: 191.415MHz)
  Total number of paths / destination ports: 2809 / 34
-------------------------------------------------------------------------
Delay:               5.224ns (Levels of Logic = 6)
  Source:            cnt_10 (FF)
  Destination:       cnt_1 (FF)
  Source Clock:      clk rising
  Destination Clock: clk rising

  Data Path: cnt_10 to cnt_1
                                Gate     Net
    Cell:in->out      fanout   Delay   Delay  Logical Name (Net Name)
    ----------------------------------------  ------------
     FD:C->Q               4   0.447   0.931  cnt_10 (cnt_10)
     LUT4:I0->O            4   0.203   0.684  cnt[26]_GND_1_o_equal_2_o<26>11 (cnt[26]_GND_1_o_equal_2_o<26>1)
     LUT6:I5->O            3   0.205   0.651  cnt[26]_GND_1_o_LessThan_7_o33 (cnt[26]_GND_1_o_LessThan_7_o32)
     LUT6:I5->O            1   0.205   0.000  Mcount_cnt_val271_lut (Mcount_cnt_val271_lut)
     MUXCY:S->O            1   0.172   0.000  Mcount_cnt_val271_cy (Mcompar_cnt[26]_GND_1_o_LessThan_5_o_cy<4>_l1)
     MUXCY:CI->O          26   0.213   1.207  Mcount_cnt_val271_cy1 (Mcount_cnt_val)
     LUT2:I1->O            1   0.205   0.000  cnt_1_rstpot (cnt_1_rstpot)
     FD:D                      0.102          cnt_1
    ----------------------------------------
    Total                      5.224ns (1.752ns logic, 3.472ns route)
                                       (33.5% logic, 66.5% route)

=========================================================================
Timing constraint: Default OFFSET IN BEFORE for Clock 'clk'
  Total number of paths / destination ports: 70 / 32
-------------------------------------------------------------------------
Offset:              4.462ns (Levels of Logic = 5)
  Source:            P<0> (PAD)
  Destination:       cnt_1 (FF)
  Destination Clock: clk rising

  Data Path: P<0> to cnt_1
                                Gate     Net
    Cell:in->out      fanout   Delay   Delay  Logical Name (Net Name)
    ----------------------------------------  ------------
     IBUF:I->O             7   1.222   1.138  P_0_IBUF (P_0_IBUF)
     LUT6:I0->O            1   0.203   0.000  Mcount_cnt_val271_lut (Mcount_cnt_val271_lut)
     MUXCY:S->O            1   0.172   0.000  Mcount_cnt_val271_cy (Mcompar_cnt[26]_GND_1_o_LessThan_5_o_cy<4>_l1)
     MUXCY:CI->O          26   0.213   1.207  Mcount_cnt_val271_cy1 (Mcount_cnt_val)
     LUT2:I1->O            1   0.205   0.000  cnt_1_rstpot (cnt_1_rstpot)
     FD:D                      0.102          cnt_1
    ----------------------------------------
    Total                      4.462ns (2.117ns logic, 2.345ns route)
                                       (47.4% logic, 52.6% route)

=========================================================================
Timing constraint: Default OFFSET OUT AFTER for Clock 'clk'
  Total number of paths / destination ports: 4 / 4
-------------------------------------------------------------------------
Offset:              3.668ns (Levels of Logic = 1)
  Source:            Led_2 (FF)
  Destination:       Led<2> (PAD)
  Source Clock:      clk rising

  Data Path: Led_2 to Led<2>
                                Gate     Net
    Cell:in->out      fanout   Delay   Delay  Logical Name (Net Name)
    ----------------------------------------  ------------
     FD:C->Q               3   0.447   0.650  Led_2 (Led_2)
     OBUF:I->O                 2.571          Led_2_OBUF (Led<2>)
    ----------------------------------------
    Total                      3.668ns (3.018ns logic, 0.650ns route)
                                       (82.3% logic, 17.7% route)

=========================================================================

Cross Clock Domains Report:
--------------------------

Clock to Setup on destination clock clk
---------------+---------+---------+---------+---------+
               | Src:Rise| Src:Fall| Src:Rise| Src:Fall|
Source Clock   |Dest:Rise|Dest:Rise|Dest:Fall|Dest:Fall|
---------------+---------+---------+---------+---------+
clk            |    5.224|         |         |         |
---------------+---------+---------+---------+---------+

=========================================================================


Total REAL time to Xst completion: 4.00 secs
Total CPU time to Xst completion: 4.10 secs
 
--> 

Total memory usage is 4486656 kilobytes

Number of errors   :    0 (   0 filtered)
Number of warnings :    4 (   0 filtered)
Number of infos    :    0 (   0 filtered)

